<?xml version="1.0" encoding="UTF-8"?>
<!-- Generated by org.testng.reporters.JUnitReportReporter -->
<testsuite hostname="macbook-pro-97.lan" failures="0" tests="3" name="com.AutomationTalks.demoProject1.TestClass1" time="41.556" errors="0" timestamp="2020-03-14T12:24:21 PDT" skipped="0">
  <testcase classname="com.AutomationTalks.demoProject1.TestClass1" name="Test1" time="17.104"/>
  <testcase classname="com.AutomationTalks.demoProject1.TestClass1" name="Test3" time="12.082"/>
  <testcase classname="com.AutomationTalks.demoProject1.TestClass1" name="Test2" time="12.370"/>
</testsuite> <!-- com.AutomationTalks.demoProject1.TestClass1 -->
