<?xml version="1.0" encoding="UTF-8"?>
<!-- Generated by org.testng.reporters.JUnitReportReporter -->
<testsuite hostname="M-C02Z52HCLVDQ.nordstrom.net" failures="0" tests="3" name="com.AutomationTalks.demoProject1.TestClass1" time="20.166" errors="0" timestamp="2021-08-20T14:25:00 PDT" skipped="0">
  <testcase classname="com.AutomationTalks.demoProject1.TestClass1" name="Test1" time="9.411"/>
  <testcase classname="com.AutomationTalks.demoProject1.TestClass1" name="Test2" time="6.338"/>
  <testcase classname="com.AutomationTalks.demoProject1.TestClass1" name="Test3" time="4.417"/>
</testsuite> <!-- com.AutomationTalks.demoProject1.TestClass1 -->
