<?xml version="1.0" encoding="UTF-8"?>
<!-- Generated by org.testng.reporters.JUnitReportReporter -->
<testsuite hostname="MacBook-Pro-97.local" failures="0" tests="3" name="com.AutomationTalks.demoProject1.TestClass1" time="11.564" errors="0" timestamp="2020-03-12T17:01:38 PDT" skipped="0">
  <testcase classname="com.AutomationTalks.demoProject1.TestClass1" name="Test3" time="3.763"/>
  <testcase classname="com.AutomationTalks.demoProject1.TestClass1" name="Test1" time="3.760"/>
  <testcase classname="com.AutomationTalks.demoProject1.TestClass1" name="Test2" time="4.041"/>
</testsuite> <!-- com.AutomationTalks.demoProject1.TestClass1 -->
