<?xml version="1.0" encoding="UTF-8"?>
<!-- Generated by org.testng.reporters.JUnitReportReporter -->
<testsuite hostname="MacBook-Pro-97.local" failures="0" tests="3" name="com.AutomationTalks.demoProject1.TestClass1" time="22.339" errors="0" timestamp="2020-03-12T19:11:46 PDT" skipped="0">
  <testcase classname="com.AutomationTalks.demoProject1.TestClass1" name="Test1" time="8.686"/>
  <testcase classname="com.AutomationTalks.demoProject1.TestClass1" name="Test2" time="5.661"/>
  <testcase classname="com.AutomationTalks.demoProject1.TestClass1" name="Test3" time="7.992"/>
</testsuite> <!-- com.AutomationTalks.demoProject1.TestClass1 -->
