<?xml version="1.0" encoding="UTF-8"?>
<!-- Generated by org.testng.reporters.JUnitReportReporter -->
<testsuite hostname="macbook-pro-97.lan" failures="0" tests="3" name="com.AutomationTalks.demoProject1.TestClass1" time="18.689" errors="0" timestamp="2020-03-12T23:08:12 PDT" skipped="0">
  <testcase classname="com.AutomationTalks.demoProject1.TestClass1" name="Test1" time="8.976"/>
  <testcase classname="com.AutomationTalks.demoProject1.TestClass1" name="Test2" time="4.747"/>
  <testcase classname="com.AutomationTalks.demoProject1.TestClass1" name="Test3" time="4.966"/>
</testsuite> <!-- com.AutomationTalks.demoProject1.TestClass1 -->
