<?xml version="1.0" encoding="UTF-8"?>
<!-- Generated by org.testng.reporters.JUnitReportReporter -->
<testsuite hostname="M-C02Z52HCLVDQ.nordstrom.net" failures="0" tests="3" name="com.AutomationTalks.demoProject1.TestClass1" time="19.478" errors="0" timestamp="2021-08-22T11:11:26 PDT" skipped="0">
  <testcase classname="com.AutomationTalks.demoProject1.TestClass1" name="Test1" time="8.398"/>
  <testcase classname="com.AutomationTalks.demoProject1.TestClass1" name="Test2" time="6.453"/>
  <testcase classname="com.AutomationTalks.demoProject1.TestClass1" name="Test3" time="4.627"/>
</testsuite> <!-- com.AutomationTalks.demoProject1.TestClass1 -->
